kotlin version: 2.0.0
error message: org.jetbrains.kotlin.backend.common.BackendException: Backend Internal error: Exception during IR lowering
File being compiled: /Users/ziwei.guo/Project/GithubProject/ComposeLazyTab/ComposeTabLazy/src/main/java/com/vinsonguo/composetablazy/Components.kt
The root cause java.lang.RuntimeException was thrown at: org.jetbrains.kotlin.backend.jvm.codegen.FunctionCodegen.generate(FunctionCodegen.kt:50)
	at org.jetbrains.kotlin.backend.common.CodegenUtil.reportBackendException(CodegenUtil.kt:253)
	at org.jetbrains.kotlin.backend.common.CodegenUtil.reportBackendException$default(CodegenUtil.kt:236)
	at org.jetbrains.kotlin.backend.common.phaser.PerformByIrFilePhase.invokeSequential(performByIrFile.kt:65)
	at org.jetbrains.kotlin.backend.common.phaser.PerformByIrFilePhase.invoke(performByIrFile.kt:52)
	at org.jetbrains.kotlin.backend.common.phaser.PerformByIrFilePhase.invoke(performByIrFile.kt:38)
	at org.jetbrains.kotlin.backend.common.phaser.NamedCompilerPhase.phaseBody(CompilerPhase.kt:166)
	at org.jetbrains.kotlin.backend.common.phaser.AbstractNamedCompilerPhase.invoke(CompilerPhase.kt:113)
	at org.jetbrains.kotlin.backend.common.phaser.CompositePhase.invoke(PhaseBuilders.kt:29)
	at org.jetbrains.kotlin.backend.common.phaser.CompositePhase.invoke(PhaseBuilders.kt:16)
	at org.jetbrains.kotlin.backend.common.phaser.NamedCompilerPhase.phaseBody(CompilerPhase.kt:166)
	at org.jetbrains.kotlin.backend.common.phaser.AbstractNamedCompilerPhase.invoke(CompilerPhase.kt:113)
	at org.jetbrains.kotlin.backend.common.phaser.CompilerPhaseKt.invokeToplevel(CompilerPhase.kt:62)
	at org.jetbrains.kotlin.backend.jvm.JvmIrCodegenFactory.invokeCodegen(JvmIrCodegenFactory.kt:371)
	at org.jetbrains.kotlin.codegen.CodegenFactory.generateModule(CodegenFactory.kt:47)
	at org.jetbrains.kotlin.backend.jvm.JvmIrCodegenFactory.generateModuleInFrontendIRMode(JvmIrCodegenFactory.kt:433)
	at org.jetbrains.kotlin.cli.jvm.compiler.pipeline.JvmCompilerPipelineKt.generateCodeFromIr(jvmCompilerPipeline.kt:241)
	at org.jetbrains.kotlin.cli.jvm.compiler.pipeline.JvmCompilerPipelineKt.compileModulesUsingFrontendIrAndLightTree(jvmCompilerPipeline.kt:140)
	at org.jetbrains.kotlin.cli.jvm.K2JVMCompiler.doExecute(K2JVMCompiler.kt:155)
	at org.jetbrains.kotlin.cli.jvm.K2JVMCompiler.doExecute(K2JVMCompiler.kt:50)
	at org.jetbrains.kotlin.cli.common.CLICompiler.execImpl(CLICompiler.kt:104)
	at org.jetbrains.kotlin.cli.common.CLICompiler.execImpl(CLICompiler.kt:48)
	at org.jetbrains.kotlin.cli.common.CLITool.exec(CLITool.kt:101)
	at org.jetbrains.kotlin.incremental.IncrementalJvmCompilerRunner.runCompiler(IncrementalJvmCompilerRunner.kt:453)
	at org.jetbrains.kotlin.incremental.IncrementalJvmCompilerRunner.runCompiler(IncrementalJvmCompilerRunner.kt:62)
	at org.jetbrains.kotlin.incremental.IncrementalCompilerRunner.doCompile(IncrementalCompilerRunner.kt:506)
	at org.jetbrains.kotlin.incremental.IncrementalCompilerRunner.compileImpl(IncrementalCompilerRunner.kt:423)
	at org.jetbrains.kotlin.incremental.IncrementalCompilerRunner.compileNonIncrementally(IncrementalCompilerRunner.kt:301)
	at org.jetbrains.kotlin.incremental.IncrementalCompilerRunner.compile(IncrementalCompilerRunner.kt:129)
	at org.jetbrains.kotlin.daemon.CompileServiceImplBase.execIncrementalCompiler(CompileServiceImpl.kt:676)
	at org.jetbrains.kotlin.daemon.CompileServiceImplBase.access$execIncrementalCompiler(CompileServiceImpl.kt:92)
	at org.jetbrains.kotlin.daemon.CompileServiceImpl.compile(CompileServiceImpl.kt:1661)
	at java.base/jdk.internal.reflect.DirectMethodHandleAccessor.invoke(Unknown Source)
	at java.base/java.lang.reflect.Method.invoke(Unknown Source)
	at java.rmi/sun.rmi.server.UnicastServerRef.dispatch(Unknown Source)
	at java.rmi/sun.rmi.transport.Transport$1.run(Unknown Source)
	at java.rmi/sun.rmi.transport.Transport$1.run(Unknown Source)
	at java.base/java.security.AccessController.doPrivileged(Unknown Source)
	at java.rmi/sun.rmi.transport.Transport.serviceCall(Unknown Source)
	at java.rmi/sun.rmi.transport.tcp.TCPTransport.handleMessages(Unknown Source)
	at java.rmi/sun.rmi.transport.tcp.TCPTransport$ConnectionHandler.run0(Unknown Source)
	at java.rmi/sun.rmi.transport.tcp.TCPTransport$ConnectionHandler.lambda$run$0(Unknown Source)
	at java.base/java.security.AccessController.doPrivileged(Unknown Source)
	at java.rmi/sun.rmi.transport.tcp.TCPTransport$ConnectionHandler.run(Unknown Source)
	at java.base/java.util.concurrent.ThreadPoolExecutor.runWorker(Unknown Source)
	at java.base/java.util.concurrent.ThreadPoolExecutor$Worker.run(Unknown Source)
	at java.base/java.lang.Thread.run(Unknown Source)
Caused by: java.lang.RuntimeException: Exception while generating code for:
FUN name:LazyTabContainer visibility:public modality:FINAL <> (selectedTabIndex:kotlin.Int, paddingValues:androidx.compose.foundation.layout.PaddingValues, preloadAdjacent:kotlin.Boolean, persistTabs:kotlin.Boolean, tabContents:kotlin.collections.List<@[ExtensionFunctionType] @[Composable] kotlin.Function1<androidx.compose.foundation.layout.BoxScope, kotlin.Unit>>) returnType:kotlin.Unit
  annotations:
    Composable
  VALUE_PARAMETER name:selectedTabIndex index:0 type:kotlin.Int
  VALUE_PARAMETER name:paddingValues index:1 type:androidx.compose.foundation.layout.PaddingValues
    EXPRESSION_BODY
      ERROR_EXPR 'Default Stub' type=androidx.compose.foundation.layout.PaddingValues
  VALUE_PARAMETER name:preloadAdjacent index:2 type:kotlin.Boolean
    EXPRESSION_BODY
      ERROR_EXPR 'Default Stub' type=kotlin.Boolean
  VALUE_PARAMETER name:persistTabs index:3 type:kotlin.Boolean
    EXPRESSION_BODY
      ERROR_EXPR 'Default Stub' type=kotlin.Boolean
  VALUE_PARAMETER name:tabContents index:4 type:kotlin.collections.List<@[ExtensionFunctionType] @[Composable] kotlin.Function1<androidx.compose.foundation.layout.BoxScope, kotlin.Unit>>
  BLOCK_BODY
    VAR name:loadedTabs type:androidx.compose.runtime.snapshots.SnapshotStateMap<kotlin.Int, kotlin.Boolean> [val]
      CALL 'public final fun remember <T> (calculation: @[DisallowComposableCalls] kotlin.Function0<T of androidx.compose.runtime.ComposablesKt.remember>): T of androidx.compose.runtime.ComposablesKt.remember [inline] declared in androidx.compose.runtime.ComposablesKt' type=androidx.compose.runtime.snapshots.SnapshotStateMap<kotlin.Int, kotlin.Boolean> origin=null
        <T>: androidx.compose.runtime.snapshots.SnapshotStateMap<kotlin.Int, kotlin.Boolean>
        calculation: BLOCK type=kotlin.Function0<androidx.compose.runtime.snapshots.SnapshotStateMap<kotlin.Int, kotlin.Boolean>> origin=LAMBDA
          COMPOSITE type=kotlin.Unit origin=null
          FUNCTION_REFERENCE 'private final fun LazyTabContainer$lambda$0 (): androidx.compose.runtime.snapshots.SnapshotStateMap<kotlin.Int, kotlin.Boolean> declared in com.vinsonguo.composetablazy.ComponentsKt' type=kotlin.Function0<androidx.compose.runtime.snapshots.SnapshotStateMap<kotlin.Int, kotlin.Boolean>> origin=INLINE_LAMBDA reflectionTarget=null
    VAR PROPERTY_DELEGATE name:tabsToLoad$delegate type:androidx.compose.runtime.State<kotlin.collections.MutableSet<kotlin.Int>> [val]
      CALL 'public final fun remember <T> (key1: kotlin.Any?, key2: kotlin.Any?, calculation: @[DisallowComposableCalls] kotlin.Function0<T of androidx.compose.runtime.ComposablesKt.remember>): T of androidx.compose.runtime.ComposablesKt.remember [inline] declared in androidx.compose.runtime.ComposablesKt' type=androidx.compose.runtime.State<kotlin.collections.MutableSet<kotlin.Int>> origin=null
        <T>: androidx.compose.runtime.State<kotlin.collections.MutableSet<kotlin.Int>>
        key1: GET_VAR 'selectedTabIndex: kotlin.Int declared in com.vinsonguo.composetablazy.ComponentsKt.LazyTabContainer' type=kotlin.Int origin=null
        key2: GET_VAR 'preloadAdjacent: kotlin.Boolean declared in com.vinsonguo.composetablazy.ComponentsKt.LazyTabContainer' type=kotlin.Boolean origin=null
        calculation: BLOCK type=kotlin.Function0<androidx.compose.runtime.State<kotlin.collections.MutableSet<kotlin.Int>>> origin=LAMBDA
          COMPOSITE type=kotlin.Unit origin=null
          FUNCTION_REFERENCE 'private final fun LazyTabContainer$lambda$1 ($selectedTabIndex: kotlin.Int, $preloadAdjacent: kotlin.Boolean, $tabContents: kotlin.collections.List<@[ExtensionFunctionType] @[Composable] kotlin.Function1<androidx.compose.foundation.layout.BoxScope, kotlin.Unit>>): androidx.compose.runtime.State<kotlin.collections.MutableSet<kotlin.Int>> declared in com.vinsonguo.composetablazy.ComponentsKt' type=kotlin.Function0<androidx.compose.runtime.State<kotlin.collections.MutableSet<kotlin.Int>>> origin=INLINE_LAMBDA reflectionTarget=null
            $selectedTabIndex: GET_VAR 'selectedTabIndex: kotlin.Int declared in com.vinsonguo.composetablazy.ComponentsKt.LazyTabContainer' type=kotlin.Int origin=null
            $preloadAdjacent: GET_VAR 'preloadAdjacent: kotlin.Boolean declared in com.vinsonguo.composetablazy.ComponentsKt.LazyTabContainer' type=kotlin.Boolean origin=null
            $tabContents: GET_VAR 'tabContents: kotlin.collections.List<@[ExtensionFunctionType] @[Composable] kotlin.Function1<androidx.compose.foundation.layout.BoxScope, kotlin.Unit>> declared in com.vinsonguo.composetablazy.ComponentsKt.LazyTabContainer' type=kotlin.collections.List<@[ExtensionFunctionType] @[Composable] kotlin.Function1<androidx.compose.foundation.layout.BoxScope, kotlin.Unit>> origin=null
    CALL 'public final fun LaunchedEffect (key1: kotlin.Any?, block: @[ExtensionFunctionType] kotlin.coroutines.SuspendFunction1<kotlinx.coroutines.CoroutineScope, kotlin.Unit>): kotlin.Unit declared in androidx.compose.runtime.EffectsKt' type=kotlin.Unit origin=null
      key1: CALL 'private final fun LazyTabContainer$lambda$2 ($tabsToLoad$delegate: androidx.compose.runtime.State<kotlin.collections.MutableSet<kotlin.Int>>): kotlin.collections.MutableSet<kotlin.Int> declared in com.vinsonguo.composetablazy.ComponentsKt' type=kotlin.collections.MutableSet<kotlin.Int> origin=GET_LOCAL_PROPERTY
        $tabsToLoad$delegate: GET_VAR 'val tabsToLoad$delegate: androidx.compose.runtime.State<kotlin.collections.MutableSet<kotlin.Int>> [val] declared in com.vinsonguo.composetablazy.ComponentsKt.LazyTabContainer' type=androidx.compose.runtime.State<kotlin.collections.MutableSet<kotlin.Int>> origin=null
      block: BLOCK type=com.vinsonguo.composetablazy.ComponentsKt.LazyTabContainer.<no name provided> origin=null
        CLASS SUSPEND_LAMBDA CLASS name:<no name provided> modality:FINAL visibility:public/*package*/ superTypes:[kotlin.coroutines.jvm.internal.SuspendLambda; kotlin.jvm.functions.Function2<kotlinx.coroutines.CoroutineScope, kotlin.coroutines.Continuation<kotlin.Unit>?, kotlin.Any?>]
          $this: VALUE_PARAMETER INSTANCE_RECEIVER name:<this> type:com.vinsonguo.composetablazy.ComponentsKt.LazyTabContainer.<no name provided>
          FIELD name:label type:kotlin.Int visibility:public/*package*/
          CONSTRUCTOR SUSPEND_LAMBDA visibility:public/*package*/ <> ($tabsToLoad$delegate:androidx.compose.runtime.State<kotlin.collections.MutableSet<kotlin.Int>>, $loadedTabs:androidx.compose.runtime.snapshots.SnapshotStateMap<kotlin.Int, kotlin.Boolean>, $completion:kotlin.coroutines.Continuation<com.vinsonguo.composetablazy.ComponentsKt.LazyTabContainer.<no name provided>>?) returnType:com.vinsonguo.composetablazy.ComponentsKt.LazyTabContainer.<no name provided> [primary]
            VALUE_PARAMETER BOUND_VALUE_PARAMETER name:$tabsToLoad$delegate index:0 type:androidx.compose.runtime.State<kotlin.collections.MutableSet<kotlin.Int>>
            VALUE_PARAMETER BOUND_VALUE_PARAMETER name:$loadedTabs index:1 type:androidx.compose.runtime.snapshots.SnapshotStateMap<kotlin.Int, kotlin.Boolean>
            VALUE_PARAMETER name:$completion index:2 type:kotlin.coroutines.Continuation<com.vinsonguo.composetablazy.ComponentsKt.LazyTabContainer.<no name provided>>?
            BLOCK_BODY
              SET_FIELD 'FIELD FIELD_FOR_CAPTURED_VALUE name:$tabsToLoad$delegate type:androidx.compose.runtime.State<kotlin.collections.MutableSet<kotlin.Int>> visibility:public/*package*/ [final]' type=kotlin.Unit origin=INITIALIZER_OF_FIELD_FOR_CAPTURED_VALUE
                receiver: GET_VAR '<this>: com.vinsonguo.composetablazy.ComponentsKt.LazyTabContainer.<no name provided> declared in com.vinsonguo.composetablazy.ComponentsKt.LazyTabContainer.<no name provided>' type=com.vinsonguo.composetablazy.ComponentsKt.LazyTabContainer.<no name provided> origin=null
                value: GET_VAR '$tabsToLoad$delegate: androidx.compose.runtime.State<kotlin.collections.MutableSet<kotlin.Int>> declared in com.vinsonguo.composetablazy.ComponentsKt.LazyTabContainer.<no name provided>.<init>' type=androidx.compose.runtime.State<kotlin.collections.MutableSet<kotlin.Int>> origin=null
              SET_FIELD 'FIELD FIELD_FOR_CAPTURED_VALUE name:$loadedTabs type:androidx.compose.runtime.snapshots.SnapshotStateMap<kotlin.Int, kotlin.Boolean> visibility:public/*package*/ [final]' type=kotlin.Unit origin=INITIALIZER_OF_FIELD_FOR_CAPTURED_VALUE
                receiver: GET_VAR '<this>: com.vinsonguo.composetablazy.ComponentsKt.LazyTabContainer.<no name provided> declared in com.vinsonguo.composetablazy.ComponentsKt.LazyTabContainer.<no name provided>' type=com.vinsonguo.composetablazy.ComponentsKt.LazyTabContainer.<no name provided> origin=null
                value: GET_VAR '$loadedTabs: androidx.compose.runtime.snapshots.SnapshotStateMap<kotlin.Int, kotlin.Boolean> declared in com.vinsonguo.composetablazy.ComponentsKt.LazyTabContainer.<no name provided>.<init>' type=androidx.compose.runtime.snapshots.SnapshotStateMap<kotlin.Int, kotlin.Boolean> origin=null
              DELEGATING_CONSTRUCTOR_CALL 'public constructor <init> (arity: kotlin.Int, $completion: kotlin.coroutines.Continuation<kotlin.Any?>?) declared in kotlin.coroutines.jvm.internal.SuspendLambda'
                arity: CONST Int type=kotlin.Int value=2
                $completion: GET_VAR '$completion: kotlin.coroutines.Continuation<com.vinsonguo.composetablazy.ComponentsKt.LazyTabContainer.<no name provided>>? declared in com.vinsonguo.composetablazy.ComponentsKt.LazyTabContainer.<no name provided>.<init>' type=kotlin.coroutines.Continuation<com.vinsonguo.composetablazy.ComponentsKt.LazyTabContainer.<no name provided>>? origin=null
              BLOCK type=kotlin.Unit origin=null
          FUN name:invokeSuspend visibility:public modality:FINAL <> ($this:com.vinsonguo.composetablazy.ComponentsKt.LazyTabContainer.<no name provided>, $result:kotlin.Result<kotlin.Any?>) returnType:kotlin.Any?
            overridden:
              protected abstract fun invokeSuspend ($result: kotlin.Result<kotlin.Any?>): kotlin.Any? declared in kotlin.coroutines.jvm.internal.SuspendLambda
            $this: VALUE_PARAMETER INSTANCE_RECEIVER name:<this> type:com.vinsonguo.composetablazy.ComponentsKt.LazyTabContainer.<no name provided>
            VALUE_PARAMETER name:$result index:0 type:kotlin.Result<kotlin.Any?>
            BLOCK_BODY
              CALL 'public final fun forEach <T> (action: kotlin.Function1<T of kotlin.collections.CollectionsKt.forEach, kotlin.Unit>): kotlin.Unit [inline] declared in kotlin.collections.CollectionsKt' type=kotlin.Unit origin=null
                <T>: kotlin.Int
                $receiver: CALL 'public final fun access$LazyTabContainer$lambda$2 ($tabsToLoad$delegate: androidx.compose.runtime.State<kotlin.collections.MutableSet<kotlin.Int>>): kotlin.collections.MutableSet<kotlin.Int> declared in com.vinsonguo.composetablazy.ComponentsKt' type=kotlin.collections.MutableSet<kotlin.Int> origin=GET_LOCAL_PROPERTY
                  $tabsToLoad$delegate: GET_FIELD 'FIELD FIELD_FOR_CAPTURED_VALUE name:$tabsToLoad$delegate type:androidx.compose.runtime.State<kotlin.collections.MutableSet<kotlin.Int>> visibility:public/*package*/ [final]' type=androidx.compose.runtime.State<kotlin.collections.MutableSet<kotlin.Int>> origin=null
                    receiver: GET_VAR '<this>: com.vinsonguo.composetablazy.ComponentsKt.LazyTabContainer.<no name provided> declared in com.vinsonguo.composetablazy.ComponentsKt.LazyTabContainer.<no name provided>.invokeSuspend' type=com.vinsonguo.composetablazy.ComponentsKt.LazyTabContainer.<no name provided> origin=null
                action: BLOCK type=kotlin.Function1<kotlin.Int, kotlin.Unit> origin=LAMBDA
                  COMPOSITE type=kotlin.Unit origin=null
                  FUNCTION_REFERENCE 'private final fun invokeSuspend$lambda$0 ($loadedTabs: androidx.compose.runtime.snapshots.SnapshotStateMap<kotlin.Int, kotlin.Boolean>, index: kotlin.Int): kotlin.Unit declared in com.vinsonguo.composetablazy.ComponentsKt.LazyTabContainer.<no name provided>' type=kotlin.Function1<kotlin.Int, kotlin.Unit> origin=INLINE_LAMBDA reflectionTarget=null
                    $loadedTabs: GET_FIELD 'FIELD FIELD_FOR_CAPTURED_VALUE name:$loadedTabs type:androidx.compose.runtime.snapshots.SnapshotStateMap<kotlin.Int, kotlin.Boolean> visibility:public/*package*/ [final]' type=androidx.compose.runtime.snapshots.SnapshotStateMap<kotlin.Int, kotlin.Boolean> origin=null
                      receiver: GET_VAR '<this>: com.vinsonguo.composetablazy.ComponentsKt.LazyTabContainer.<no name provided> declared in com.vinsonguo.composetablazy.ComponentsKt.LazyTabContainer.<no name provided>.invokeSuspend' type=com.vinsonguo.composetablazy.ComponentsKt.LazyTabContainer.<no name provided> origin=null
          FUN name:create visibility:public modality:FINAL <> ($this:com.vinsonguo.composetablazy.ComponentsKt.LazyTabContainer.<no name provided>, value:kotlin.Any?, $completion:kotlin.coroutines.Continuation<kotlin.Nothing>) returnType:kotlin.coroutines.Continuation<kotlin.Unit>
            overridden:
              public open fun create (value: kotlin.Any?, $completion: kotlin.coroutines.Continuation<kotlin.Nothing>): kotlin.coroutines.Continuation<kotlin.Unit> declared in kotlin.coroutines.jvm.internal.SuspendLambda
            $this: VALUE_PARAMETER INSTANCE_RECEIVER name:<this> type:com.vinsonguo.composetablazy.ComponentsKt.LazyTabContainer.<no name provided>
            VALUE_PARAMETER name:value index:0 type:kotlin.Any?
            VALUE_PARAMETER name:$completion index:1 type:kotlin.coroutines.Continuation<kotlin.Nothing>
            BLOCK_BODY
              RETURN type=kotlin.Nothing from='public final fun create (value: kotlin.Any?, $completion: kotlin.coroutines.Continuation<kotlin.Nothing>): kotlin.coroutines.Continuation<kotlin.Unit> declared in com.vinsonguo.composetablazy.ComponentsKt.LazyTabContainer.<no name provided>'
                CONSTRUCTOR_CALL 'public/*package*/ constructor <init> ($tabsToLoad$delegate: androidx.compose.runtime.State<kotlin.collections.MutableSet<kotlin.Int>>, $loadedTabs: androidx.compose.runtime.snapshots.SnapshotStateMap<kotlin.Int, kotlin.Boolean>, $completion: kotlin.coroutines.Continuation<com.vinsonguo.composetablazy.ComponentsKt.LazyTabContainer.<no name provided>>?) [primary] declared in com.vinsonguo.composetablazy.ComponentsKt.LazyTabContainer.<no name provided>' type=com.vinsonguo.composetablazy.ComponentsKt.LazyTabContainer.<no name provided> origin=null
                  $tabsToLoad$delegate: GET_FIELD 'FIELD FIELD_FOR_CAPTURED_VALUE name:$tabsToLoad$delegate type:androidx.compose.runtime.State<kotlin.collections.MutableSet<kotlin.Int>> visibility:public/*package*/ [final]' type=androidx.compose.runtime.State<kotlin.collections.MutableSet<kotlin.Int>> origin=null
                    receiver: GET_VAR '<this>: com.vinsonguo.composetablazy.ComponentsKt.LazyTabContainer.<no name provided> declared in com.vinsonguo.composetablazy.ComponentsKt.LazyTabContainer.<no name provided>.create' type=com.vinsonguo.composetablazy.ComponentsKt.LazyTabContainer.<no name provided> origin=null
                  $loadedTabs: GET_FIELD 'FIELD FIELD_FOR_CAPTURED_VALUE name:$loadedTabs type:androidx.compose.runtime.snapshots.SnapshotStateMap<kotlin.Int, kotlin.Boolean> visibility:public/*package*/ [final]' type=androidx.compose.runtime.snapshots.SnapshotStateMap<kotlin.Int, kotlin.Boolean> origin=null
                    receiver: GET_VAR '<this>: com.vinsonguo.composetablazy.ComponentsKt.LazyTabContainer.<no name provided> declared in com.vinsonguo.composetablazy.ComponentsKt.LazyTabContainer.<no name provided>.create' type=com.vinsonguo.composetablazy.ComponentsKt.LazyTabContainer.<no name provided> origin=null
                  $completion: GET_VAR '$completion: kotlin.coroutines.Continuation<kotlin.Nothing> declared in com.vinsonguo.composetablazy.ComponentsKt.LazyTabContainer.<no name provided>.create' type=kotlin.coroutines.Continuation<kotlin.Nothing> origin=null
          FUN name:invoke visibility:public modality:FINAL <> ($this:com.vinsonguo.composetablazy.ComponentsKt.LazyTabContainer.<no name provided>, p1:kotlinx.coroutines.CoroutineScope, p2:kotlin.coroutines.Continuation<kotlin.Unit>?) returnType:kotlin.Any?
            overridden:
              public abstract fun invoke (p1: P1 of kotlin.jvm.functions.Function2, p2: P2 of kotlin.jvm.functions.Function2): R of kotlin.jvm.functions.Function2 declared in kotlin.jvm.functions.Function2
            $this: VALUE_PARAMETER INSTANCE_RECEIVER name:<this> type:com.vinsonguo.composetablazy.ComponentsKt.LazyTabContainer.<no name provided>
            VALUE_PARAMETER name:p1 index:0 type:kotlinx.coroutines.CoroutineScope
            VALUE_PARAMETER name:p2 index:1 type:kotlin.coroutines.Continuation<kotlin.Unit>?
            BLOCK_BODY
              RETURN type=kotlin.Nothing from='public final fun invoke (p1: kotlinx.coroutines.CoroutineScope, p2: kotlin.coroutines.Continuation<kotlin.Unit>?): kotlin.Any? declared in com.vinsonguo.composetablazy.ComponentsKt.LazyTabContainer.<no name provided>'
                CALL 'public final fun invokeSuspend ($result: kotlin.Result<kotlin.Any?>): kotlin.Any? declared in com.vinsonguo.composetablazy.ComponentsKt.LazyTabContainer.<no name provided>' type=kotlin.Any? origin=null
                  $this: TYPE_OP type=com.vinsonguo.composetablazy.ComponentsKt.LazyTabContainer.<no name provided> origin=IMPLICIT_CAST typeOperand=com.vinsonguo.composetablazy.ComponentsKt.LazyTabContainer.<no name provided>
                    CALL 'public final fun create (value: kotlin.Any?, $completion: kotlin.coroutines.Continuation<kotlin.Nothing>): kotlin.coroutines.Continuation<kotlin.Unit> declared in com.vinsonguo.composetablazy.ComponentsKt.LazyTabContainer.<no name provided>' type=kotlin.coroutines.Continuation<kotlin.Unit> origin=null
                      $this: GET_VAR '<this>: com.vinsonguo.composetablazy.ComponentsKt.LazyTabContainer.<no name provided> declared in com.vinsonguo.composetablazy.ComponentsKt.LazyTabContainer.<no name provided>.invoke' type=com.vinsonguo.composetablazy.ComponentsKt.LazyTabContainer.<no name provided> origin=null
                      value: GET_VAR 'p1: kotlinx.coroutines.CoroutineScope declared in com.vinsonguo.composetablazy.ComponentsKt.LazyTabContainer.<no name provided>.invoke' type=kotlinx.coroutines.CoroutineScope origin=null
                      $completion: GET_VAR 'p2: kotlin.coroutines.Continuation<kotlin.Unit>? declared in com.vinsonguo.composetablazy.ComponentsKt.LazyTabContainer.<no name provided>.invoke' type=kotlin.coroutines.Continuation<kotlin.Unit>? origin=null
                  $result: CALL 'public final fun <unsafe-coerce> <T, R> (v: T of kotlin.jvm.internal.<unsafe-coerce>): R of kotlin.jvm.internal.<unsafe-coerce> declared in kotlin.jvm.internal' type=kotlin.Result<kotlin.Any?> origin=null
                    <T>: kotlin.Any?
                    <R>: kotlin.Result<kotlin.Any?>
                    v: GET_FIELD 'FIELD FIELD_FOR_OBJECT_INSTANCE name:INSTANCE type:kotlin.Unit visibility:public [final,static]' type=kotlin.Unit origin=null
          FIELD FIELD_FOR_CAPTURED_VALUE name:$tabsToLoad$delegate type:androidx.compose.runtime.State<kotlin.collections.MutableSet<kotlin.Int>> visibility:public/*package*/ [final]
          FIELD FIELD_FOR_CAPTURED_VALUE name:$loadedTabs type:androidx.compose.runtime.snapshots.SnapshotStateMap<kotlin.Int, kotlin.Boolean> visibility:public/*package*/ [final]
          FUN INLINE_LAMBDA name:invokeSuspend$lambda$0 visibility:private modality:FINAL <> ($loadedTabs:androidx.compose.runtime.snapshots.SnapshotStateMap<kotlin.Int, kotlin.Boolean>, index:kotlin.Int) returnType:kotlin.Unit
            VALUE_PARAMETER BOUND_VALUE_PARAMETER name:$loadedTabs index:0 type:androidx.compose.runtime.snapshots.SnapshotStateMap<kotlin.Int, kotlin.Boolean>
            VALUE_PARAMETER name:index index:1 type:kotlin.Int
            BLOCK_BODY
              VAR name:$i$a$-forEach-ComponentsKt$LazyTabContainer$1$1 type:kotlin.Int [val]
                CONST Int type=kotlin.Int value=0
              CALL 'public final fun set <K, V> (key: K of kotlin.collections.MapsKt.set, value: V of kotlin.collections.MapsKt.set): kotlin.Unit [inline,operator] declared in kotlin.collections.MapsKt' type=kotlin.Unit origin=null
                <K>: kotlin.Int
                <V>: kotlin.Boolean
                $receiver: GET_VAR '$loadedTabs: androidx.compose.runtime.snapshots.SnapshotStateMap<kotlin.Int, kotlin.Boolean> declared in com.vinsonguo.composetablazy.ComponentsKt.LazyTabContainer.<no name provided>.invokeSuspend$lambda$0' type=androidx.compose.runtime.snapshots.SnapshotStateMap<kotlin.Int, kotlin.Boolean> origin=null
                key: GET_VAR 'index: kotlin.Int declared in com.vinsonguo.composetablazy.ComponentsKt.LazyTabContainer.<no name provided>.invokeSuspend$lambda$0' type=kotlin.Int origin=null
                value: CONST Boolean type=kotlin.Boolean value=true
          FUN BRIDGE name:invoke visibility:public modality:OPEN <> ($this:com.vinsonguo.composetablazy.ComponentsKt.LazyTabContainer.<no name provided>, p1:kotlin.Any?, p2:kotlin.Any?) returnType:kotlin.Any?
            $this: VALUE_PARAMETER INSTANCE_RECEIVER name:<this> type:com.vinsonguo.composetablazy.ComponentsKt.LazyTabContainer.<no name provided>
            VALUE_PARAMETER BRIDGE name:p1 index:0 type:kotlin.Any?
            VALUE_PARAMETER BRIDGE name:p2 index:1 type:kotlin.Any?
            EXPRESSION_BODY
              RETURN type=kotlin.Nothing from='public open fun invoke (p1: kotlin.Any?, p2: kotlin.Any?): kotlin.Any? declared in com.vinsonguo.composetablazy.ComponentsKt.LazyTabContainer.<no name provided>'
                CALL 'public final fun invoke (p1: kotlinx.coroutines.CoroutineScope, p2: kotlin.coroutines.Continuation<kotlin.Unit>?): kotlin.Any? declared in com.vinsonguo.composetablazy.ComponentsKt.LazyTabContainer.<no name provided>' type=kotlin.Any? origin=BRIDGE_DELEGATION
                  $this: GET_VAR '<this>: com.vinsonguo.composetablazy.ComponentsKt.LazyTabContainer.<no name provided> declared in com.vinsonguo.composetablazy.ComponentsKt.LazyTabContainer.<no name provided>.invoke' type=com.vinsonguo.composetablazy.ComponentsKt.LazyTabContainer.<no name provided> origin=null
                  p1: TYPE_OP type=kotlinx.coroutines.CoroutineScope origin=IMPLICIT_CAST typeOperand=kotlinx.coroutines.CoroutineScope
                    GET_VAR 'p1: kotlin.Any? declared in com.vinsonguo.composetablazy.ComponentsKt.LazyTabContainer.<no name provided>.invoke' type=kotlin.Any? origin=null
                  p2: TYPE_OP type=kotlin.coroutines.Continuation<*> origin=IMPLICIT_CAST typeOperand=kotlin.coroutines.Continuation<*>
                    GET_VAR 'p2: kotlin.Any? declared in com.vinsonguo.composetablazy.ComponentsKt.LazyTabContainer.<no name provided>.invoke' type=kotlin.Any? origin=null
        CONSTRUCTOR_CALL 'public/*package*/ constructor <init> ($tabsToLoad$delegate: androidx.compose.runtime.State<kotlin.collections.MutableSet<kotlin.Int>>, $loadedTabs: androidx.compose.runtime.snapshots.SnapshotStateMap<kotlin.Int, kotlin.Boolean>, $completion: kotlin.coroutines.Continuation<com.vinsonguo.composetablazy.ComponentsKt.LazyTabContainer.<no name provided>>?) [primary] declared in com.vinsonguo.composetablazy.ComponentsKt.LazyTabContainer.<no name provided>' type=com.vinsonguo.composetablazy.ComponentsKt.LazyTabContainer.<no name provided> origin=null
          $tabsToLoad$delegate: GET_VAR 'val tabsToLoad$delegate: androidx.compose.runtime.State<kotlin.collections.MutableSet<kotlin.Int>> [val] declared in com.vinsonguo.composetablazy.ComponentsKt.LazyTabContainer' type=androidx.compose.runtime.State<kotlin.collections.MutableSet<kotlin.Int>> origin=null
          $loadedTabs: GET_VAR 'val loadedTabs: androidx.compose.runtime.snapshots.SnapshotStateMap<kotlin.Int, kotlin.Boolean> [val] declared in com.vinsonguo.composetablazy.ComponentsKt.LazyTabContainer' type=androidx.compose.runtime.snapshots.SnapshotStateMap<kotlin.Int, kotlin.Boolean> origin=null
          $completion: CONST Null type=kotlin.Nothing? value=null
    WHEN type=kotlin.Unit origin=IF
      BRANCH
        if: CALL 'public final fun not (): kotlin.Boolean [operator] declared in kotlin.Boolean' type=kotlin.Boolean origin=null
          $this: GET_VAR 'persistTabs: kotlin.Boolean declared in com.vinsonguo.composetablazy.ComponentsKt.LazyTabContainer' type=kotlin.Boolean origin=null
        then: BLOCK type=kotlin.Unit origin=null
          CALL 'public final fun LaunchedEffect (key1: kotlin.Any?, block: @[ExtensionFunctionType] kotlin.coroutines.SuspendFunction1<kotlinx.coroutines.CoroutineScope, kotlin.Unit>): kotlin.Unit declared in androidx.compose.runtime.EffectsKt' type=kotlin.Unit origin=null
            key1: CALL 'private final fun LazyTabContainer$lambda$2 ($tabsToLoad$delegate: androidx.compose.runtime.State<kotlin.collections.MutableSet<kotlin.Int>>): kotlin.collections.MutableSet<kotlin.Int> declared in com.vinsonguo.composetablazy.ComponentsKt' type=kotlin.collections.MutableSet<kotlin.Int> origin=GET_LOCAL_PROPERTY
              $tabsToLoad$delegate: GET_VAR 'val tabsToLoad$delegate: androidx.compose.runtime.State<kotlin.collections.MutableSet<kotlin.Int>> [val] declared in com.vinsonguo.composetablazy.ComponentsKt.LazyTabContainer' type=androidx.compose.runtime.State<kotlin.collections.MutableSet<kotlin.Int>> origin=null
            block: BLOCK type=com.vinsonguo.composetablazy.ComponentsKt.LazyTabContainer.<no name provided> origin=null
              CLASS SUSPEND_LAMBDA CLASS name:<no name provided> modality:FINAL visibility:public/*package*/ superTypes:[kotlin.coroutines.jvm.internal.SuspendLambda; kotlin.jvm.functions.Function2<kotlinx.coroutines.CoroutineScope, kotlin.coroutines.Continuation<kotlin.Unit>?, kotlin.Any?>]
                $this: VALUE_PARAMETER INSTANCE_RECEIVER name:<this> type:com.vinsonguo.composetablazy.ComponentsKt.LazyTabContainer.<no name provided>
                FIELD name:label type:kotlin.Int visibility:public/*package*/
                CONSTRUCTOR SUSPEND_LAMBDA visibility:public/*package*/ <> ($loadedTabs:androidx.compose.runtime.snapshots.SnapshotStateMap<kotlin.Int, kotlin.Boolean>, $tabsToLoad$delegate:androidx.compose.runtime.State<kotlin.collections.MutableSet<kotlin.Int>>, $completion:kotlin.coroutines.Continuation<com.vinsonguo.composetablazy.ComponentsKt.LazyTabContainer.<no name provided>>?) returnType:com.vinsonguo.composetablazy.ComponentsKt.LazyTabContainer.<no name provided> [primary]
                  VALUE_PARAMETER BOUND_VALUE_PARAMETER name:$loadedTabs index:0 type:androidx.compose.runtime.snapshots.SnapshotStateMap<kotlin.Int, kotlin.Boolean>
                  VALUE_PARAMETER BOUND_VALUE_PARAMETER name:$tabsToLoad$delegate index:1 type:androidx.compose.runtime.State<kotlin.collections.MutableSet<kotlin.Int>>
                  VALUE_PARAMETER name:$completion index:2 type:kotlin.coroutines.Continuation<com.vinsonguo.composetablazy.ComponentsKt.LazyTabContainer.<no name provided>>?
                  BLOCK_BODY
                    SET_FIELD 'FIELD FIELD_FOR_CAPTURED_VALUE name:$loadedTabs type:androidx.compose.runtime.snapshots.SnapshotStateMap<kotlin.Int, kotlin.Boolean> visibility:public/*package*/ [final]' type=kotlin.Unit origin=INITIALIZER_OF_FIELD_FOR_CAPTURED_VALUE
                      receiver: GET_VAR '<this>: com.vinsonguo.composetablazy.ComponentsKt.LazyTabContainer.<no name provided> declared in com.vinsonguo.composetablazy.ComponentsKt.LazyTabContainer.<no name provided>' type=com.vinsonguo.composetablazy.ComponentsKt.LazyTabContainer.<no name provided> origin=null
                      value: GET_VAR '$loadedTabs: androidx.compose.runtime.snapshots.SnapshotStateMap<kotlin.Int, kotlin.Boolean> declared in com.vinsonguo.composetablazy.ComponentsKt.LazyTabContainer.<no name provided>.<init>' type=androidx.compose.runtime.snapshots.SnapshotStateMap<kotlin.Int, kotlin.Boolean> origin=null
                    SET_FIELD 'FIELD FIELD_FOR_CAPTURED_VALUE name:$tabsToLoad$delegate type:androidx.compose.runtime.State<kotlin.collections.MutableSet<kotlin.Int>> visibility:public/*package*/ [final]' type=kotlin.Unit origin=INITIALIZER_OF_FIELD_FOR_CAPTURED_VALUE
                      receiver: GET_VAR '<this>: com.vinsonguo.composetablazy.ComponentsKt.LazyTabContainer.<no name provided> declared in com.vinsonguo.composetablazy.ComponentsKt.LazyTabContainer.<no name provided>' type=com.vinsonguo.composetablazy.ComponentsKt.LazyTabContainer.<no name provided> origin=null
                      value: GET_VAR '$tabsToLoad$delegate: androidx.compose.runtime.State<kotlin.collections.MutableSet<kotlin.Int>> declared in com.vinsonguo.composetablazy.ComponentsKt.LazyTabContainer.<no name provided>.<init>' type=androidx.compose.runtime.State<kotlin.collections.MutableSet<kotlin.Int>> origin=null
                    DELEGATING_CONSTRUCTOR_CALL 'public constructor <init> (arity: kotlin.Int, $completion: kotlin.coroutines.Continuation<kotlin.Any?>?) declared in kotlin.coroutines.jvm.internal.SuspendLambda'
                      arity: CONST Int type=kotlin.Int value=2
                      $completion: GET_VAR '$completion: kotlin.coroutines.Continuation<com.vinsonguo.composetablazy.ComponentsKt.LazyTabContainer.<no name provided>>? declared in com.vinsonguo.composetablazy.ComponentsKt.LazyTabContainer.<no name provided>.<init>' type=kotlin.coroutines.Continuation<com.vinsonguo.composetablazy.ComponentsKt.LazyTabContainer.<no name provided>>? origin=null
                    BLOCK type=kotlin.Unit origin=null
                FUN name:invokeSuspend visibility:public modality:FINAL <> ($this:com.vinsonguo.composetablazy.ComponentsKt.LazyTabContainer.<no name provided>, $result:kotlin.Result<kotlin.Any?>) returnType:kotlin.Any?
                  overridden:
                    protected abstract fun invokeSuspend ($result: kotlin.Result<kotlin.Any?>): kotlin.Any? declared in kotlin.coroutines.jvm.internal.SuspendLambda
                  $this: VALUE_PARAMETER INSTANCE_RECEIVER name:<this> type:com.vinsonguo.composetablazy.ComponentsKt.LazyTabContainer.<no name provided>
                  VALUE_PARAMETER name:$result index:0 type:kotlin.Result<kotlin.Any?>
                  BLOCK_BODY
                    VAR name:indicesToRemove type:kotlin.collections.List<kotlin.Int> [val]
                      CALL 'public final fun filter <T> (predicate: kotlin.Function1<T of kotlin.collections.CollectionsKt.filter, kotlin.Boolean>): kotlin.collections.List<T of kotlin.collections.CollectionsKt.filter> [inline] declared in kotlin.collections.CollectionsKt' type=kotlin.collections.List<kotlin.Int> origin=null
                        <T>: kotlin.Int
                        $receiver: CALL 'public open fun <get-keys> (): kotlin.collections.MutableSet<K of androidx.compose.runtime.snapshots.SnapshotStateMap> declared in androidx.compose.runtime.snapshots.SnapshotStateMap' type=kotlin.collections.MutableSet<kotlin.Int> origin=GET_PROPERTY
                          $this: GET_FIELD 'FIELD FIELD_FOR_CAPTURED_VALUE name:$loadedTabs type:androidx.compose.runtime.snapshots.SnapshotStateMap<kotlin.Int, kotlin.Boolean> visibility:public/*package*/ [final]' type=androidx.compose.runtime.snapshots.SnapshotStateMap<kotlin.Int, kotlin.Boolean> origin=null
                            receiver: GET_VAR '<this>: com.vinsonguo.composetablazy.ComponentsKt.LazyTabContainer.<no name provided> declared in com.vinsonguo.composetablazy.ComponentsKt.LazyTabContainer.<no name provided>.invokeSuspend' type=com.vinsonguo.composetablazy.ComponentsKt.LazyTabContainer.<no name provided> origin=null
                        predicate: BLOCK type=kotlin.Function1<kotlin.Int, kotlin.Boolean> origin=LAMBDA
                          COMPOSITE type=kotlin.Unit origin=null
                          FUNCTION_REFERENCE 'private final fun invokeSuspend$lambda$0 ($tabsToLoad$delegate: androidx.compose.runtime.State<kotlin.collections.MutableSet<kotlin.Int>>, it: kotlin.Int): kotlin.Boolean declared in com.vinsonguo.composetablazy.ComponentsKt.LazyTabContainer.<no name provided>' type=kotlin.Function1<kotlin.Int, kotlin.Boolean> origin=INLINE_LAMBDA reflectionTarget=null
                            $tabsToLoad$delegate: GET_FIELD 'FIELD FIELD_FOR_CAPTURED_VALUE name:$tabsToLoad$delegate type:androidx.compose.runtime.State<kotlin.collections.MutableSet<kotlin.Int>> visibility:public/*package*/ [final]' type=androidx.compose.runtime.State<kotlin.collections.MutableSet<kotlin.Int>> origin=null
                              receiver: GET_VAR '<this>: com.vinsonguo.composetablazy.ComponentsKt.LazyTabContainer.<no name provided> declared in com.vinsonguo.composetablazy.ComponentsKt.LazyTabContainer.<no name provided>.invokeSuspend' type=com.vinsonguo.composetablazy.ComponentsKt.LazyTabContainer.<no name provided> origin=null
                    CALL 'public final fun forEach <T> (action: kotlin.Function1<T of kotlin.collections.CollectionsKt.forEach, kotlin.Unit>): kotlin.Unit [inline] declared in kotlin.collections.CollectionsKt' type=kotlin.Unit origin=null
                      <T>: kotlin.Int
                      $receiver: GET_VAR 'val indicesToRemove: kotlin.collections.List<kotlin.Int> [val] declared in com.vinsonguo.composetablazy.ComponentsKt.LazyTabContainer.<no name provided>.invokeSuspend' type=kotlin.collections.List<kotlin.Int> origin=null
                      action: BLOCK type=kotlin.Function1<kotlin.Int, kotlin.Unit> origin=LAMBDA
                        COMPOSITE type=kotlin.Unit origin=null
                        FUNCTION_REFERENCE 'private final fun invokeSuspend$lambda$1 ($loadedTabs: androidx.compose.runtime.snapshots.SnapshotStateMap<kotlin.Int, kotlin.Boolean>, it: kotlin.Int): kotlin.Unit declared in com.vinsonguo.composetablazy.ComponentsKt.LazyTabContainer.<no name provided>' type=kotlin.Function1<kotlin.Int, kotlin.Unit> origin=INLINE_LAMBDA reflectionTarget=null
                          $loadedTabs: GET_FIELD 'FIELD FIELD_FOR_CAPTURED_VALUE name:$loadedTabs type:androidx.compose.runtime.snapshots.SnapshotStateMap<kotlin.Int, kotlin.Boolean> visibility:public/*package*/ [final]' type=androidx.compose.runtime.snapshots.SnapshotStateMap<kotlin.Int, kotlin.Boolean> origin=null
                            receiver: GET_VAR '<this>: com.vinsonguo.composetablazy.ComponentsKt.LazyTabContainer.<no name provided> declared in com.vinsonguo.composetablazy.ComponentsKt.LazyTabContainer.<no name provided>.invokeSuspend' type=com.vinsonguo.composetablazy.ComponentsKt.LazyTabContainer.<no name provided> origin=null
                FUN name:create visibility:public modality:FINAL <> ($this:com.vinsonguo.composetablazy.ComponentsKt.LazyTabContainer.<no name provided>, value:kotlin.Any?, $completion:kotlin.coroutines.Continuation<kotlin.Nothing>) returnType:kotlin.coroutines.Continuation<kotlin.Unit>
                  overridden:
                    public open fun create (value: kotlin.Any?, $completion: kotlin.coroutines.Continuation<kotlin.Nothing>): kotlin.coroutines.Continuation<kotlin.Unit> declared in kotlin.coroutines.jvm.internal.SuspendLambda
                  $this: VALUE_PARAMETER INSTANCE_RECEIVER name:<this> type:com.vinsonguo.composetablazy.ComponentsKt.LazyTabContainer.<no name provided>
                  VALUE_PARAMETER name:value index:0 type:kotlin.Any?
                  VALUE_PARAMETER name:$completion index:1 type:kotlin.coroutines.Continuation<kotlin.Nothing>
                  BLOCK_BODY
                    RETURN type=kotlin.Nothing from='public final fun create (value: kotlin.Any?, $completion: kotlin.coroutines.Continuation<kotlin.Nothing>): kotlin.coroutines.Continuation<kotlin.Unit> declared in com.vinsonguo.composetablazy.ComponentsKt.LazyTabContainer.<no name provided>'
                      CONSTRUCTOR_CALL 'public/*package*/ constructor <init> ($loadedTabs: androidx.compose.runtime.snapshots.SnapshotStateMap<kotlin.Int, kotlin.Boolean>, $tabsToLoad$delegate: androidx.compose.runtime.State<kotlin.collections.MutableSet<kotlin.Int>>, $completion: kotlin.coroutines.Continuation<com.vinsonguo.composetablazy.ComponentsKt.LazyTabContainer.<no name provided>>?) [primary] declared in com.vinsonguo.composetablazy.ComponentsKt.LazyTabContainer.<no name provided>' type=com.vinsonguo.composetablazy.ComponentsKt.LazyTabContainer.<no name provided> origin=null
                        $loadedTabs: GET_FIELD 'FIELD FIELD_FOR_CAPTURED_VALUE name:$loadedTabs type:androidx.compose.runtime.snapshots.SnapshotStateMap<kotlin.Int, kotlin.Boolean> visibility:public/*package*/ [final]' type=androidx.compose.runtime.snapshots.SnapshotStateMap<kotlin.Int, kotlin.Boolean> origin=null
                          receiver: GET_VAR '<this>: com.vinsonguo.composetablazy.ComponentsKt.LazyTabContainer.<no name provided> declared in com.vinsonguo.composetablazy.ComponentsKt.LazyTabContainer.<no name provided>.create' type=com.vinsonguo.composetablazy.ComponentsKt.LazyTabContainer.<no name provided> origin=null
                        $tabsToLoad$delegate: GET_FIELD 'FIELD FIELD_FOR_CAPTURED_VALUE name:$tabsToLoad$delegate type:androidx.compose.runtime.State<kotlin.collections.MutableSet<kotlin.Int>> visibility:public/*package*/ [final]' type=androidx.compose.runtime.State<kotlin.collections.MutableSet<kotlin.Int>> origin=null
                          receiver: GET_VAR '<this>: com.vinsonguo.composetablazy.ComponentsKt.LazyTabContainer.<no name provided> declared in com.vinsonguo.composetablazy.ComponentsKt.LazyTabContainer.<no name provided>.create' type=com.vinsonguo.composetablazy.ComponentsKt.LazyTabContainer.<no name provided> origin=null
                        $completion: GET_VAR '$completion: kotlin.coroutines.Continuation<kotlin.Nothing> declared in com.vinsonguo.composetablazy.ComponentsKt.LazyTabContainer.<no name provided>.create' type=kotlin.coroutines.Continuation<kotlin.Nothing> origin=null
                FUN name:invoke visibility:public modality:FINAL <> ($this:com.vinsonguo.composetablazy.ComponentsKt.LazyTabContainer.<no name provided>, p1:kotlinx.coroutines.CoroutineScope, p2:kotlin.coroutines.Continuation<kotlin.Unit>?) returnType:kotlin.Any?
                  overridden:
                    public abstract fun invoke (p1: P1 of kotlin.jvm.functions.Function2, p2: P2 of kotlin.jvm.functions.Function2): R of kotlin.jvm.functions.Function2 declared in kotlin.jvm.functions.Function2
                  $this: VALUE_PARAMETER INSTANCE_RECEIVER name:<this> type:com.vinsonguo.composetablazy.ComponentsKt.LazyTabContainer.<no name provided>
                  VALUE_PARAMETER name:p1 index:0 type:kotlinx.coroutines.CoroutineScope
                  VALUE_PARAMETER name:p2 index:1 type:kotlin.coroutines.Continuation<kotlin.Unit>?
                  BLOCK_BODY
                    RETURN type=kotlin.Nothing from='public final fun invoke (p1: kotlinx.coroutines.CoroutineScope, p2: kotlin.coroutines.Continuation<kotlin.Unit>?): kotlin.Any? declared in com.vinsonguo.composetablazy.ComponentsKt.LazyTabContainer.<no name provided>'
                      CALL 'public final fun invokeSuspend ($result: kotlin.Result<kotlin.Any?>): kotlin.Any? declared in com.vinsonguo.composetablazy.ComponentsKt.LazyTabContainer.<no name provided>' type=kotlin.Any? origin=null
                        $this: TYPE_OP type=com.vinsonguo.composetablazy.ComponentsKt.LazyTabContainer.<no name provided> origin=IMPLICIT_CAST typeOperand=com.vinsonguo.composetablazy.ComponentsKt.LazyTabContainer.<no name provided>
                          CALL 'public final fun create (value: kotlin.Any?, $completion: kotlin.coroutines.Continuation<kotlin.Nothing>): kotlin.coroutines.Continuation<kotlin.Unit> declared in com.vinsonguo.composetablazy.ComponentsKt.LazyTabContainer.<no name provided>' type=kotlin.coroutines.Continuation<kotlin.Unit> origin=null
                            $this: GET_VAR '<this>: com.vinsonguo.composetablazy.ComponentsKt.LazyTabContainer.<no name provided> declared in com.vinsonguo.composetablazy.ComponentsKt.LazyTabContainer.<no name provided>.invoke' type=com.vinsonguo.composetablazy.ComponentsKt.LazyTabContainer.<no name provided> origin=null
                            value: GET_VAR 'p1: kotlinx.coroutines.CoroutineScope declared in com.vinsonguo.composetablazy.ComponentsKt.LazyTabContainer.<no name provided>.invoke' type=kotlinx.coroutines.CoroutineScope origin=null
                            $completion: GET_VAR 'p2: kotlin.coroutines.Continuation<kotlin.Unit>? declared in com.vinsonguo.composetablazy.ComponentsKt.LazyTabContainer.<no name provided>.invoke' type=kotlin.coroutines.Continuation<kotlin.Unit>? origin=null
                        $result: CALL 'public final fun <unsafe-coerce> <T, R> (v: T of kotlin.jvm.internal.<unsafe-coerce>): R of kotlin.jvm.internal.<unsafe-coerce> declared in kotlin.jvm.internal' type=kotlin.Result<kotlin.Any?> origin=null
                          <T>: kotlin.Any?
                          <R>: kotlin.Result<kotlin.Any?>
                          v: GET_FIELD 'FIELD FIELD_FOR_OBJECT_INSTANCE name:INSTANCE type:kotlin.Unit visibility:public [final,static]' type=kotlin.Unit origin=null
                FIELD FIELD_FOR_CAPTURED_VALUE name:$loadedTabs type:androidx.compose.runtime.snapshots.SnapshotStateMap<kotlin.Int, kotlin.Boolean> visibility:public/*package*/ [final]
                FIELD FIELD_FOR_CAPTURED_VALUE name:$tabsToLoad$delegate type:androidx.compose.runtime.State<kotlin.collections.MutableSet<kotlin.Int>> visibility:public/*package*/ [final]
                FUN INLINE_LAMBDA name:invokeSuspend$lambda$0 visibility:private modality:FINAL <> ($tabsToLoad$delegate:androidx.compose.runtime.State<kotlin.collections.MutableSet<kotlin.Int>>, it:kotlin.Int) returnType:kotlin.Boolean
                  VALUE_PARAMETER BOUND_VALUE_PARAMETER name:$tabsToLoad$delegate index:0 type:androidx.compose.runtime.State<kotlin.collections.MutableSet<kotlin.Int>>
                  VALUE_PARAMETER name:it index:1 type:kotlin.Int
                  BLOCK_BODY
                    VAR name:$i$a$-filter-ComponentsKt$LazyTabContainer$2$indicesToRemove$1 type:kotlin.Int [val]
                      CONST Int type=kotlin.Int value=0
                    RETURN type=kotlin.Nothing from='private final fun invokeSuspend$lambda$0 ($tabsToLoad$delegate: androidx.compose.runtime.State<kotlin.collections.MutableSet<kotlin.Int>>, it: kotlin.Int): kotlin.Boolean declared in com.vinsonguo.composetablazy.ComponentsKt.LazyTabContainer.<no name provided>'
                      CALL 'public final fun not (): kotlin.Boolean [operator] declared in kotlin.Boolean' type=kotlin.Boolean origin=NOT_IN
                        $this: CALL 'public abstract fun contains (element: E of kotlin.collections.MutableSet): kotlin.Boolean [fake_override,operator] declared in kotlin.collections.MutableSet' type=kotlin.Boolean origin=IN
                          $this: CALL 'public final fun access$LazyTabContainer$lambda$2 ($tabsToLoad$delegate: androidx.compose.runtime.State<kotlin.collections.MutableSet<kotlin.Int>>): kotlin.collections.MutableSet<kotlin.Int> declared in com.vinsonguo.composetablazy.ComponentsKt' type=kotlin.collections.MutableSet<kotlin.Int> origin=GET_LOCAL_PROPERTY
                            $tabsToLoad$delegate: GET_VAR '$tabsToLoad$delegate: androidx.compose.runtime.State<kotlin.collections.MutableSet<kotlin.Int>> declared in com.vinsonguo.composetablazy.ComponentsKt.LazyTabContainer.<no name provided>.invokeSuspend$lambda$0' type=androidx.compose.runtime.State<kotlin.collections.MutableSet<kotlin.Int>> origin=null
                          element: GET_VAR 'it: kotlin.Int declared in com.vinsonguo.composetablazy.ComponentsKt.LazyTabContainer.<no name provided>.invokeSuspend$lambda$0' type=kotlin.Int origin=null
                FUN INLINE_LAMBDA name:invokeSuspend$lambda$1 visibility:private modality:FINAL <> ($loadedTabs:androidx.compose.runtime.snapshots.SnapshotStateMap<kotlin.Int, kotlin.Boolean>, it:kotlin.Int) returnType:kotlin.Unit
                  VALUE_PARAMETER BOUND_VALUE_PARAMETER name:$loadedTabs index:0 type:androidx.compose.runtime.snapshots.SnapshotStateMap<kotlin.Int, kotlin.Boolean>
                  VALUE_PARAMETER name:it index:1 type:kotlin.Int
                  BLOCK_BODY
                    VAR name:$i$a$-forEach-ComponentsKt$LazyTabContainer$2$1 type:kotlin.Int [val]
                      CONST Int type=kotlin.Int value=0
                    COMPOSITE type=kotlin.Unit origin=null
                      CALL 'public open fun remove (key: K of androidx.compose.runtime.snapshots.SnapshotStateMap): V of androidx.compose.runtime.snapshots.SnapshotStateMap? declared in androidx.compose.runtime.snapshots.SnapshotStateMap' type=kotlin.Boolean? origin=null
                        $this: GET_VAR '$loadedTabs: androidx.compose.runtime.snapshots.SnapshotStateMap<kotlin.Int, kotlin.Boolean> declared in com.vinsonguo.composetablazy.ComponentsKt.LazyTabContainer.<no name provided>.invokeSuspend$lambda$1' type=androidx.compose.runtime.snapshots.SnapshotStateMap<kotlin.Int, kotlin.Boolean> origin=null
                        key: GET_VAR 'it: kotlin.Int declared in com.vinsonguo.composetablazy.ComponentsKt.LazyTabContainer.<no name provided>.invokeSuspend$lambda$1' type=kotlin.Int origin=null
                      COMPOSITE type=kotlin.Unit origin=null
                FUN BRIDGE name:invoke visibility:public modality:OPEN <> ($this:com.vinsonguo.composetablazy.ComponentsKt.LazyTabContainer.<no name provided>, p1:kotlin.Any?, p2:kotlin.Any?) returnType:kotlin.Any?
                  $this: VALUE_PARAMETER INSTANCE_RECEIVER name:<this> type:com.vinsonguo.composetablazy.ComponentsKt.LazyTabContainer.<no name provided>
                  VALUE_PARAMETER BRIDGE name:p1 index:0 type:kotlin.Any?
                  VALUE_PARAMETER BRIDGE name:p2 index:1 type:kotlin.Any?
                  EXPRESSION_BODY
                    RETURN type=kotlin.Nothing from='public open fun invoke (p1: kotlin.Any?, p2: kotlin.Any?): kotlin.Any? declared in com.vinsonguo.composetablazy.ComponentsKt.LazyTabContainer.<no name provided>'
                      CALL 'public final fun invoke (p1: kotlinx.coroutines.CoroutineScope, p2: kotlin.coroutines.Continuation<kotlin.Unit>?): kotlin.Any? declared in com.vinsonguo.composetablazy.ComponentsKt.LazyTabContainer.<no name provided>' type=kotlin.Any? origin=BRIDGE_DELEGATION
                        $this: GET_VAR '<this>: com.vinsonguo.composetablazy.ComponentsKt.LazyTabContainer.<no name provided> declared in com.vinsonguo.composetablazy.ComponentsKt.LazyTabContainer.<no name provided>.invoke' type=com.vinsonguo.composetablazy.ComponentsKt.LazyTabContainer.<no name provided> origin=null
                        p1: TYPE_OP type=kotlinx.coroutines.CoroutineScope origin=IMPLICIT_CAST typeOperand=kotlinx.coroutines.CoroutineScope
                          GET_VAR 'p1: kotlin.Any? declared in com.vinsonguo.composetablazy.ComponentsKt.LazyTabContainer.<no name provided>.invoke' type=kotlin.Any? origin=null
                        p2: TYPE_OP type=kotlin.coroutines.Continuation<*> origin=IMPLICIT_CAST typeOperand=kotlin.coroutines.Continuation<*>
                          GET_VAR 'p2: kotlin.Any? declared in com.vinsonguo.composetablazy.ComponentsKt.LazyTabContainer.<no name provided>.invoke' type=kotlin.Any? origin=null
              CONSTRUCTOR_CALL 'public/*package*/ constructor <init> ($loadedTabs: androidx.compose.runtime.snapshots.SnapshotStateMap<kotlin.Int, kotlin.Boolean>, $tabsToLoad$delegate: androidx.compose.runtime.State<kotlin.collections.MutableSet<kotlin.Int>>, $completion: kotlin.coroutines.Continuation<com.vinsonguo.composetablazy.ComponentsKt.LazyTabContainer.<no name provided>>?) [primary] declared in com.vinsonguo.composetablazy.ComponentsKt.LazyTabContainer.<no name provided>' type=com.vinsonguo.composetablazy.ComponentsKt.LazyTabContainer.<no name provided> origin=null
                $loadedTabs: GET_VAR 'val loadedTabs: androidx.compose.runtime.snapshots.SnapshotStateMap<kotlin.Int, kotlin.Boolean> [val] declared in com.vinsonguo.composetablazy.ComponentsKt.LazyTabContainer' type=androidx.compose.runtime.snapshots.SnapshotStateMap<kotlin.Int, kotlin.Boolean> origin=null
                $tabsToLoad$delegate: GET_VAR 'val tabsToLoad$delegate: androidx.compose.runtime.State<kotlin.collections.MutableSet<kotlin.Int>> [val] declared in com.vinsonguo.composetablazy.ComponentsKt.LazyTabContainer' type=androidx.compose.runtime.State<kotlin.collections.MutableSet<kotlin.Int>> origin=null
                $completion: CONST Null type=kotlin.Nothing? value=null
    CALL 'public final fun Box$default (modifier: androidx.compose.ui.Modifier?, contentAlignment: androidx.compose.ui.Alignment?, propagateMinConstraints: kotlin.Boolean, content: @[Composable] @[ExtensionFunctionType] kotlin.Function1<androidx.compose.foundation.layout.BoxScope, kotlin.Unit>, $mask0: kotlin.Int, $handler: kotlin.Any?): kotlin.Unit [inline] declared in androidx.compose.foundation.layout.BoxKt' type=kotlin.Unit origin=DEFAULT_DISPATCH_CALL
      modifier: CALL 'public final fun padding (paddingValues: androidx.compose.foundation.layout.PaddingValues): androidx.compose.ui.Modifier declared in androidx.compose.foundation.layout.PaddingKt' type=androidx.compose.ui.Modifier origin=null
        $receiver: CALL 'public final fun fillMaxSize$default (fraction: kotlin.Float, $mask0: kotlin.Int, $handler: kotlin.Any?): androidx.compose.ui.Modifier declared in androidx.compose.foundation.layout.SizeKt' type=androidx.compose.ui.Modifier origin=DEFAULT_DISPATCH_CALL
          $receiver: GET_FIELD 'FIELD FIELD_FOR_OBJECT_INSTANCE name:Companion type:androidx.compose.ui.Modifier.Companion visibility:public [final,static]' type=androidx.compose.ui.Modifier.Companion origin=null
          fraction: COMPOSITE type=kotlin.Float origin=DEFAULT_VALUE
            CONST Float type=kotlin.Float value=0.0
          $mask0: CONST Int type=kotlin.Int value=1
          $handler: CONST Null type=kotlin.Any? value=null
        paddingValues: GET_VAR 'paddingValues: androidx.compose.foundation.layout.PaddingValues declared in com.vinsonguo.composetablazy.ComponentsKt.LazyTabContainer' type=androidx.compose.foundation.layout.PaddingValues origin=null
      contentAlignment: COMPOSITE type=androidx.compose.ui.Alignment? origin=DEFAULT_VALUE
        CONST Null type=androidx.compose.ui.Alignment? value=null
      propagateMinConstraints: COMPOSITE type=kotlin.Boolean origin=DEFAULT_VALUE
        CONST Boolean type=kotlin.Boolean value=false
      content: BLOCK type=@[ExtensionFunctionType] kotlin.Function1<androidx.compose.foundation.layout.BoxScope, kotlin.Unit> origin=LAMBDA
        COMPOSITE type=kotlin.Unit origin=null
        FUNCTION_REFERENCE 'private final fun LazyTabContainer$lambda$7 ($tabContents: kotlin.collections.List<@[ExtensionFunctionType] @[Composable] kotlin.Function1<androidx.compose.foundation.layout.BoxScope, kotlin.Unit>>, $loadedTabs: androidx.compose.runtime.snapshots.SnapshotStateMap<kotlin.Int, kotlin.Boolean>, $selectedTabIndex: kotlin.Int): kotlin.Unit declared in com.vinsonguo.composetablazy.ComponentsKt' type=@[ExtensionFunctionType] kotlin.Function1<androidx.compose.foundation.layout.BoxScope, kotlin.Unit> origin=INLINE_LAMBDA reflectionTarget=null
          $tabContents: GET_VAR 'tabContents: kotlin.collections.List<@[ExtensionFunctionType] @[Composable] kotlin.Function1<androidx.compose.foundation.layout.BoxScope, kotlin.Unit>> declared in com.vinsonguo.composetablazy.ComponentsKt.LazyTabContainer' type=kotlin.collections.List<@[ExtensionFunctionType] @[Composable] kotlin.Function1<androidx.compose.foundation.layout.BoxScope, kotlin.Unit>> origin=null
          $loadedTabs: GET_VAR 'val loadedTabs: androidx.compose.runtime.snapshots.SnapshotStateMap<kotlin.Int, kotlin.Boolean> [val] declared in com.vinsonguo.composetablazy.ComponentsKt.LazyTabContainer' type=androidx.compose.runtime.snapshots.SnapshotStateMap<kotlin.Int, kotlin.Boolean> origin=null
          $selectedTabIndex: GET_VAR 'selectedTabIndex: kotlin.Int declared in com.vinsonguo.composetablazy.ComponentsKt.LazyTabContainer' type=kotlin.Int origin=null
      $mask0: CONST Int type=kotlin.Int value=6
      $handler: CONST Null type=kotlin.Any? value=null

	at org.jetbrains.kotlin.backend.jvm.codegen.FunctionCodegen.generate(FunctionCodegen.kt:50)
	at org.jetbrains.kotlin.backend.jvm.codegen.FunctionCodegen.generate$default(FunctionCodegen.kt:42)
	at org.jetbrains.kotlin.backend.jvm.codegen.ClassCodegen.generateMethodNode(ClassCodegen.kt:385)
	at org.jetbrains.kotlin.backend.jvm.codegen.ClassCodegen.generateMethod(ClassCodegen.kt:402)
	at org.jetbrains.kotlin.backend.jvm.codegen.ClassCodegen.generate(ClassCodegen.kt:169)
	at org.jetbrains.kotlin.backend.jvm.FileCodegen.lower(JvmPhases.kt:41)
	at org.jetbrains.kotlin.backend.common.phaser.PhaseBuildersKt.makeIrFilePhase$lambda$5(PhaseBuilders.kt:114)
	at org.jetbrains.kotlin.backend.common.phaser.PhaseBuildersKt$createSimpleNamedCompilerPhase$1.phaseBody(PhaseBuilders.kt:71)
	at org.jetbrains.kotlin.backend.common.phaser.SimpleNamedCompilerPhase.phaseBody(CompilerPhase.kt:226)
	at org.jetbrains.kotlin.backend.common.phaser.AbstractNamedCompilerPhase.invoke(CompilerPhase.kt:113)
	at org.jetbrains.kotlin.backend.common.phaser.PerformByIrFilePhase.invokeSequential(performByIrFile.kt:62)
	... 43 more
Caused by: org.jetbrains.kotlin.codegen.CompilationException: Back-end (JVM) Internal error: Couldn't inline method call: CALL 'public final fun remember <T> (calculation: @[DisallowComposableCalls] kotlin.Function0<T of androidx.compose.runtime.ComposablesKt.remember>): T of androidx.compose.runtime.ComposablesKt.remember [inline] declared in androidx.compose.runtime.ComposablesKt' type=androidx.compose.runtime.snapshots.SnapshotStateMap<kotlin.Int, kotlin.Boolean> origin=null
Method: null
File is unknown
The root cause java.lang.IllegalStateException was thrown at: org.jetbrains.kotlin.codegen.inline.SourceCompilerForInlineKt.getMethodNode(SourceCompilerForInline.kt:118)
	at org.jetbrains.kotlin.codegen.inline.InlineCodegen.performInline(InlineCodegen.kt:65)
	at org.jetbrains.kotlin.backend.jvm.codegen.IrInlineCodegen.genInlineCall(IrInlineCodegen.kt:162)
	at org.jetbrains.kotlin.backend.jvm.codegen.IrInlineCallGenerator.genCall(IrInlineCallGenerator.kt:36)
	at org.jetbrains.kotlin.backend.jvm.codegen.ExpressionCodegen.visitCall(ExpressionCodegen.kt:647)
	at org.jetbrains.kotlin.backend.jvm.codegen.ExpressionCodegen.visitCall(ExpressionCodegen.kt:137)
	at org.jetbrains.kotlin.ir.expressions.IrCall.accept(IrCall.kt:24)
	at org.jetbrains.kotlin.backend.jvm.codegen.ExpressionCodegen.visitVariable(ExpressionCodegen.kt:784)
	at org.jetbrains.kotlin.backend.jvm.codegen.ExpressionCodegen.visitVariable(ExpressionCodegen.kt:137)
	at org.jetbrains.kotlin.ir.declarations.IrVariable.accept(IrVariable.kt:36)
	at org.jetbrains.kotlin.backend.jvm.codegen.ExpressionCodegen.visitStatementContainer(ExpressionCodegen.kt:573)
	at org.jetbrains.kotlin.backend.jvm.codegen.ExpressionCodegen.visitBlockBody(ExpressionCodegen.kt:578)
	at org.jetbrains.kotlin.backend.jvm.codegen.ExpressionCodegen.visitBlockBody(ExpressionCodegen.kt:137)
	at org.jetbrains.kotlin.ir.expressions.IrBlockBody.accept(IrBlockBody.kt:20)
	at org.jetbrains.kotlin.backend.jvm.codegen.ExpressionCodegen.generate(ExpressionCodegen.kt:239)
	at org.jetbrains.kotlin.backend.jvm.codegen.FunctionCodegen.doGenerate(FunctionCodegen.kt:121)
	at org.jetbrains.kotlin.backend.jvm.codegen.FunctionCodegen.generate(FunctionCodegen.kt:46)
	... 53 more
Caused by: java.lang.IllegalStateException: couldn't find inline method Landroidx/compose/runtime/ComposablesKt;.remember(Lkotlin/jvm/functions/Function0;)Ljava/lang/Object;
	at org.jetbrains.kotlin.codegen.inline.SourceCompilerForInlineKt.getMethodNode(SourceCompilerForInline.kt:118)
	at org.jetbrains.kotlin.codegen.inline.SourceCompilerForInlineKt.loadCompiledInlineFunction(SourceCompilerForInline.kt:96)
	at org.jetbrains.kotlin.backend.jvm.codegen.IrSourceCompilerForInline.compileInlineFunction(IrSourceCompilerForInline.kt:91)
	at org.jetbrains.kotlin.codegen.inline.InlineCodegen.compileInline(InlineCodegen.kt:43)
	at org.jetbrains.kotlin.codegen.inline.InlineCodegen.performInline(InlineCodegen.kt:51)
	... 68 more


